<?xml version="1.0"?>
<parameters>
  <!-- Radiative transfer atomic state solver -->

  <elementsToTrack value="O C Si Fe"/>

</parameters>
